{
  message: 'Rate limit exceeded by user: ::ffff:127.0.0.1.',
  level: 'warn',
  timestamp: '2024-02-13T02:59:39.985Z'
}
{
  message: 'Rate limit exceeded by user: ::ffff:127.0.0.1.',
  level: 'warn',
  timestamp: '2024-02-13T03:00:50.072Z'
}
{
  message: 'Rate limit exceeded by user: ::ffff:127.0.0.1.',
  level: 'warn',
  timestamp: '2024-02-13T03:01:45.516Z'
}
{
  message: 'Rate limit exceeded by user: ::ffff:127.0.0.1.',
  level: 'warn',
  timestamp: '2024-02-13T03:09:54.490Z'
}
{
  message: 'Rate limit exceeded by user: ::ffff:127.0.0.1.',
  level: 'warn',
  timestamp: '2024-02-13T03:26:42.585Z'
}
{
  message: 'Rate limit exceeded by user: ::ffff:127.0.0.1.',
  level: 'warn',
  timestamp: '2024-02-13T03:27:35.126Z'
}
{
  message: 'Rate limit exceeded by user: ::ffff:127.0.0.1.',
  level: 'warn',
  timestamp: '2024-02-13T03:28:18.892Z'
}
{
  message: 'Rate limit exceeded by user: ::ffff:127.0.0.1.',
  level: 'warn',
  timestamp: '2024-03-07T00:26:23.085Z'
}
{
  message: 'Rate limit exceeded by user: ::ffff:127.0.0.1.',
  level: 'warn',
  timestamp: '2024-03-15T01:06:21.930Z'
}
{
  message: 'Rate limit exceeded by user: ::ffff:127.0.0.1.',
  level: 'warn',
  timestamp: '2024-03-26T00:02:39.505Z'
}
